2024-05-27 22:53:02,828 - MainThread - sqlmesh.core.config.connection - INFO - Creating new DuckDB adapter for data files: {'db.db'} (connection.py:294)
2024-05-27 22:53:02,997 - MainThread - sqlmesh.core.config.connection - INFO - Using existing DuckDB adapter due to overlapping data file: db.db (connection.py:290)
2024-05-27 22:53:04,852 - MainThread - sqlmesh.core.snapshot.evaluator - INFO - Listing data objects in schema db.sqlmesh__dtb (evaluator.py:265)
2024-05-27 22:53:04,853 - MainThread - sqlmesh.core.engine_adapter.base - INFO - Executing SQL: SELECT CURRENT_CATALOG() (base.py:1822)
2024-05-27 22:53:04,854 - MainThread - sqlmesh.core.engine_adapter.base - INFO - Executing SQL: SELECT CURRENT_CATALOG() (base.py:1822)
2024-05-27 22:53:04,855 - MainThread - sqlmesh.core.engine_adapter.base - INFO - Executing SQL: SELECT table_name AS name, table_schema AS schema, CASE table_type WHEN 'BASE TABLE' THEN 'table' WHEN 'VIEW' THEN 'view' WHEN 'LOCAL TEMPORARY' THEN 'table' END AS type FROM information_schema.tables WHERE table_schema = 'sqlmesh__dtb' AND table_name IN ('dtb__territorio__3564516099__temp', 'dtb__territorio__3564516099') (base.py:1822)
2024-05-27 22:53:04,882 - MainThread - sqlmesh.core.snapshot.evaluator - INFO - Listing data objects in schema db.sqlmesh__bps (evaluator.py:265)
2024-05-27 22:53:04,882 - MainThread - sqlmesh.core.engine_adapter.base - INFO - Executing SQL: SELECT CURRENT_CATALOG() (base.py:1822)
2024-05-27 22:53:04,882 - MainThread - sqlmesh.core.engine_adapter.base - INFO - Executing SQL: SELECT CURRENT_CATALOG() (base.py:1822)
2024-05-27 22:53:04,883 - MainThread - sqlmesh.core.engine_adapter.base - INFO - Executing SQL: SELECT table_name AS name, table_schema AS schema, CASE table_type WHEN 'BASE TABLE' THEN 'table' WHEN 'VIEW' THEN 'view' WHEN 'LOCAL TEMPORARY' THEN 'table' END AS type FROM information_schema.tables WHERE table_schema = 'sqlmesh__bps' AND table_name IN ('bps__unidades__25746938__temp', 'bps__compras__3191747747__temp', 'bps__unidades__25746938', 'bps__materiais__3533423352', 'bps__materiais__3533423352__temp', 'bps__compras__3191747747') (base.py:1822)
2024-05-27 22:53:04,888 - MainThread - sqlmesh.core.snapshot.evaluator - INFO - Listing data objects in schema db.sqlmesh__siasg (evaluator.py:265)
2024-05-27 22:53:04,888 - MainThread - sqlmesh.core.engine_adapter.base - INFO - Executing SQL: SELECT CURRENT_CATALOG() (base.py:1822)
2024-05-27 22:53:04,889 - MainThread - sqlmesh.core.engine_adapter.base - INFO - Executing SQL: SELECT CURRENT_CATALOG() (base.py:1822)
2024-05-27 22:53:04,889 - MainThread - sqlmesh.core.engine_adapter.base - INFO - Executing SQL: SELECT table_name AS name, table_schema AS schema, CASE table_type WHEN 'BASE TABLE' THEN 'table' WHEN 'VIEW' THEN 'view' WHEN 'LOCAL TEMPORARY' THEN 'table' END AS type FROM information_schema.tables WHERE table_schema = 'sqlmesh__siasg' AND table_name IN ('siasg__unidades__3458370508__temp', 'siasg__unidades__3458370508', 'siasg__materiais__382104304__temp', 'siasg__compras__1111392831__temp', 'siasg__materiais__382104304', 'siasg__uasgs__3746688468', 'siasg__compras__1111392831', 'siasg__uasgs__3746688468__temp') (base.py:1822)
2024-05-27 22:53:04,904 - MainThread - sqlmesh.core.state_sync.common - INFO - Promoting environment 'prod' (common.py:120)
2024-05-27 22:53:04,922 - MainThread - sqlmesh.core.state_sync.common - INFO - Unpausing snapshot SnapshotId<"db"."bps"."compras": 229218075> (common.py:225)
2024-05-27 22:53:04,928 - MainThread - sqlmesh.core.snapshot.evaluator - INFO - Creating schema 'db.bps' (evaluator.py:849)
2024-05-27 22:53:04,928 - MainThread - sqlmesh.core.engine_adapter.base - INFO - Executing SQL: CREATE SCHEMA IF NOT EXISTS "db"."bps" (base.py:1822)
2024-05-27 22:53:04,928 - MainThread - sqlmesh.core.snapshot.evaluator - INFO - Updating view 'db.bps.compras' to point at table 'db.sqlmesh__bps.bps__compras__3191747747' (evaluator.py:1111)
2024-05-27 22:53:04,929 - MainThread - sqlmesh.core.engine_adapter.base - INFO - Executing SQL: CREATE OR REPLACE VIEW "db"."bps"."compras" AS SELECT * FROM "db"."sqlmesh__bps"."bps__compras__3191747747" (base.py:1822)
2024-05-27 22:53:04,929 - MainThread - sqlmesh.core.state_sync.common - INFO - Finalizing environment 'prod' (common.py:198)
2024-05-27 22:53:04,955 - MainThread - root - INFO - Shutting down the event dispatcher (dispatcher.py:159)
