2024-05-28 14:52:23,942 - MainThread - sqlmesh.core.config.connection - INFO - Creating new DuckDB adapter for data files: {'data/catalog.db'} (connection.py:294)
2024-05-28 14:52:24,106 - MainThread - sqlmesh.core.config.connection - INFO - Using existing DuckDB adapter due to overlapping data file: data/catalog.db (connection.py:290)
2024-05-28 14:52:25,710 - MainThread - sqlmesh.core.snapshot.evaluator - INFO - Listing data objects in schema catalog.sqlmesh__dtb (evaluator.py:265)
2024-05-28 14:52:25,711 - MainThread - sqlmesh.core.engine_adapter.base - INFO - Executing SQL: SELECT CURRENT_CATALOG() (base.py:1822)
2024-05-28 14:52:25,711 - MainThread - sqlmesh.core.engine_adapter.base - INFO - Executing SQL: SELECT CURRENT_CATALOG() (base.py:1822)
2024-05-28 14:52:25,713 - MainThread - sqlmesh.core.engine_adapter.base - INFO - Executing SQL: SELECT table_name AS name, table_schema AS schema, CASE table_type WHEN 'BASE TABLE' THEN 'table' WHEN 'VIEW' THEN 'view' WHEN 'LOCAL TEMPORARY' THEN 'table' END AS type FROM information_schema.tables WHERE table_schema = 'sqlmesh__dtb' AND table_name IN ('dtb__territorio__3564516099', 'dtb__territorio__3564516099__temp') (base.py:1822)
2024-05-28 14:52:25,738 - MainThread - sqlmesh.core.snapshot.evaluator - INFO - Listing data objects in schema catalog.sqlmesh__bps (evaluator.py:265)
2024-05-28 14:52:25,738 - MainThread - sqlmesh.core.engine_adapter.base - INFO - Executing SQL: SELECT CURRENT_CATALOG() (base.py:1822)
2024-05-28 14:52:25,739 - MainThread - sqlmesh.core.engine_adapter.base - INFO - Executing SQL: SELECT CURRENT_CATALOG() (base.py:1822)
2024-05-28 14:52:25,739 - MainThread - sqlmesh.core.engine_adapter.base - INFO - Executing SQL: SELECT table_name AS name, table_schema AS schema, CASE table_type WHEN 'BASE TABLE' THEN 'table' WHEN 'VIEW' THEN 'view' WHEN 'LOCAL TEMPORARY' THEN 'table' END AS type FROM information_schema.tables WHERE table_schema = 'sqlmesh__bps' AND table_name IN ('bps__unidades__3794497381', 'bps__materiais__4088563816', 'bps__materiais__4088563816__temp', 'bps__precos__3689629057__temp', 'bps__unidades__3794497381__temp', 'bps__precos__3689629057') (base.py:1822)
2024-05-28 14:52:25,745 - MainThread - sqlmesh.core.snapshot.evaluator - INFO - Listing data objects in schema catalog.sqlmesh__siasg (evaluator.py:265)
2024-05-28 14:52:25,745 - MainThread - sqlmesh.core.engine_adapter.base - INFO - Executing SQL: SELECT CURRENT_CATALOG() (base.py:1822)
2024-05-28 14:52:25,745 - MainThread - sqlmesh.core.engine_adapter.base - INFO - Executing SQL: SELECT CURRENT_CATALOG() (base.py:1822)
2024-05-28 14:52:25,746 - MainThread - sqlmesh.core.engine_adapter.base - INFO - Executing SQL: SELECT table_name AS name, table_schema AS schema, CASE table_type WHEN 'BASE TABLE' THEN 'table' WHEN 'VIEW' THEN 'view' WHEN 'LOCAL TEMPORARY' THEN 'table' END AS type FROM information_schema.tables WHERE table_schema = 'sqlmesh__siasg' AND table_name IN ('siasg__uasgs__3746688468', 'siasg__unidades__3458370508', 'siasg__compras__1111392831', 'siasg__materiais__382104304', 'siasg__compras__1111392831__temp', 'siasg__unidades__3458370508__temp', 'siasg__materiais__382104304__temp', 'siasg__uasgs__3746688468__temp') (base.py:1822)
2024-05-28 14:52:25,767 - MainThread - sqlmesh.core.state_sync.common - INFO - Promoting environment 'prod' (common.py:120)
2024-05-28 14:52:25,795 - MainThread - sqlmesh.core.snapshot.evaluator - INFO - Altering table 'catalog.sqlmesh__siasg.siasg__compras__1111392831' (evaluator.py:1199)
2024-05-28 14:52:25,795 - MainThread - sqlmesh.core.engine_adapter.base - INFO - Executing SQL: DESCRIBE "catalog"."sqlmesh__siasg"."siasg__compras__1111392831" (base.py:1822)
2024-05-28 14:52:25,796 - MainThread - sqlmesh.core.engine_adapter.base - INFO - Executing SQL: DESCRIBE "catalog"."sqlmesh__siasg"."siasg__compras__1111392831__temp" (base.py:1822)
2024-05-28 14:52:25,798 - MainThread - sqlmesh.core.snapshot.evaluator - INFO - Altering table 'catalog.sqlmesh__siasg.siasg__materiais__382104304' (evaluator.py:1199)
2024-05-28 14:52:25,798 - MainThread - sqlmesh.core.engine_adapter.base - INFO - Executing SQL: DESCRIBE "catalog"."sqlmesh__siasg"."siasg__materiais__382104304" (base.py:1822)
2024-05-28 14:52:25,799 - MainThread - sqlmesh.core.engine_adapter.base - INFO - Executing SQL: DESCRIBE "catalog"."sqlmesh__siasg"."siasg__materiais__382104304__temp" (base.py:1822)
2024-05-28 14:52:25,799 - MainThread - sqlmesh.core.snapshot.evaluator - INFO - Altering table 'catalog.sqlmesh__siasg.siasg__uasgs__3746688468' (evaluator.py:1199)
2024-05-28 14:52:25,799 - MainThread - sqlmesh.core.engine_adapter.base - INFO - Executing SQL: DESCRIBE "catalog"."sqlmesh__siasg"."siasg__uasgs__3746688468" (base.py:1822)
2024-05-28 14:52:25,800 - MainThread - sqlmesh.core.engine_adapter.base - INFO - Executing SQL: DESCRIBE "catalog"."sqlmesh__siasg"."siasg__uasgs__3746688468__temp" (base.py:1822)
2024-05-28 14:52:25,801 - MainThread - sqlmesh.core.snapshot.evaluator - INFO - Altering table 'catalog.sqlmesh__siasg.siasg__unidades__3458370508' (evaluator.py:1199)
2024-05-28 14:52:25,801 - MainThread - sqlmesh.core.engine_adapter.base - INFO - Executing SQL: DESCRIBE "catalog"."sqlmesh__siasg"."siasg__unidades__3458370508" (base.py:1822)
2024-05-28 14:52:25,802 - MainThread - sqlmesh.core.engine_adapter.base - INFO - Executing SQL: DESCRIBE "catalog"."sqlmesh__siasg"."siasg__unidades__3458370508__temp" (base.py:1822)
2024-05-28 14:52:25,802 - MainThread - sqlmesh.core.snapshot.evaluator - INFO - Altering table 'catalog.sqlmesh__bps.bps__materiais__4088563816' (evaluator.py:1199)
2024-05-28 14:52:25,802 - MainThread - sqlmesh.core.engine_adapter.base - INFO - Executing SQL: DESCRIBE "catalog"."sqlmesh__bps"."bps__materiais__4088563816" (base.py:1822)
2024-05-28 14:52:25,803 - MainThread - sqlmesh.core.engine_adapter.base - INFO - Executing SQL: DESCRIBE "catalog"."sqlmesh__bps"."bps__materiais__4088563816__temp" (base.py:1822)
2024-05-28 14:52:25,803 - MainThread - sqlmesh.core.snapshot.evaluator - INFO - Altering table 'catalog.sqlmesh__bps.bps__unidades__3794497381' (evaluator.py:1199)
2024-05-28 14:52:25,804 - MainThread - sqlmesh.core.engine_adapter.base - INFO - Executing SQL: DESCRIBE "catalog"."sqlmesh__bps"."bps__unidades__3794497381" (base.py:1822)
2024-05-28 14:52:25,804 - MainThread - sqlmesh.core.engine_adapter.base - INFO - Executing SQL: DESCRIBE "catalog"."sqlmesh__bps"."bps__unidades__3794497381__temp" (base.py:1822)
2024-05-28 14:52:25,827 - MainThread - sqlmesh.core.state_sync.common - INFO - Pausing snapshot SnapshotId<"catalog"."bps"."unidades": 1835510233> (common.py:246)
2024-05-28 14:52:25,827 - MainThread - sqlmesh.core.state_sync.common - INFO - Marking snapshot SnapshotId<"catalog"."bps"."unidades": 1835510233> as unrestorable (common.py:255)
2024-05-28 14:52:25,829 - MainThread - sqlmesh.core.state_sync.common - INFO - Pausing snapshot SnapshotId<"catalog"."bps"."materiais": 4041260782> (common.py:246)
2024-05-28 14:52:25,829 - MainThread - sqlmesh.core.state_sync.common - INFO - Marking snapshot SnapshotId<"catalog"."bps"."materiais": 4041260782> as unrestorable (common.py:255)
2024-05-28 14:52:25,830 - MainThread - sqlmesh.core.state_sync.common - INFO - Pausing snapshot SnapshotId<"catalog"."siasg"."unidades": 22931269> (common.py:246)
2024-05-28 14:52:25,830 - MainThread - sqlmesh.core.state_sync.common - INFO - Marking snapshot SnapshotId<"catalog"."siasg"."unidades": 22931269> as unrestorable (common.py:255)
2024-05-28 14:52:25,831 - MainThread - sqlmesh.core.state_sync.common - INFO - Pausing snapshot SnapshotId<"catalog"."siasg"."compras": 1520849120> (common.py:246)
2024-05-28 14:52:25,831 - MainThread - sqlmesh.core.state_sync.common - INFO - Marking snapshot SnapshotId<"catalog"."siasg"."compras": 1520849120> as unrestorable (common.py:255)
2024-05-28 14:52:25,832 - MainThread - sqlmesh.core.state_sync.common - INFO - Pausing snapshot SnapshotId<"catalog"."siasg"."materiais": 4008633460> (common.py:246)
2024-05-28 14:52:25,832 - MainThread - sqlmesh.core.state_sync.common - INFO - Marking snapshot SnapshotId<"catalog"."siasg"."materiais": 4008633460> as unrestorable (common.py:255)
2024-05-28 14:52:25,834 - MainThread - sqlmesh.core.state_sync.common - INFO - Pausing snapshot SnapshotId<"catalog"."siasg"."uasgs": 93551257> (common.py:246)
2024-05-28 14:52:25,834 - MainThread - sqlmesh.core.state_sync.common - INFO - Marking snapshot SnapshotId<"catalog"."siasg"."uasgs": 93551257> as unrestorable (common.py:255)
2024-05-28 14:52:25,835 - MainThread - sqlmesh.core.state_sync.common - INFO - Unpausing snapshot SnapshotId<"catalog"."bps"."unidades": 3948929169> (common.py:225)
2024-05-28 14:52:25,836 - MainThread - sqlmesh.core.state_sync.common - INFO - Unpausing snapshot SnapshotId<"catalog"."bps"."precos": 4243261325> (common.py:225)
2024-05-28 14:52:25,838 - MainThread - sqlmesh.core.state_sync.common - INFO - Unpausing snapshot SnapshotId<"catalog"."bps"."materiais": 4069156962> (common.py:225)
2024-05-28 14:52:25,839 - MainThread - sqlmesh.core.state_sync.common - INFO - Unpausing snapshot SnapshotId<"catalog"."siasg"."unidades": 459351842> (common.py:225)
2024-05-28 14:52:25,840 - MainThread - sqlmesh.core.state_sync.common - INFO - Unpausing snapshot SnapshotId<"catalog"."siasg"."compras": 4190239739> (common.py:225)
2024-05-28 14:52:25,842 - MainThread - sqlmesh.core.state_sync.common - INFO - Unpausing snapshot SnapshotId<"catalog"."siasg"."materiais": 3204375779> (common.py:225)
2024-05-28 14:52:25,843 - MainThread - sqlmesh.core.state_sync.common - INFO - Unpausing snapshot SnapshotId<"catalog"."siasg"."uasgs": 2711588673> (common.py:225)
2024-05-28 14:52:25,854 - MainThread - sqlmesh.core.snapshot.evaluator - INFO - Evaluating snapshot SnapshotId<"catalog"."bps"."precos": 4243261325> (evaluator.py:479)
2024-05-28 14:52:25,865 - MainThread - sqlmesh.core.snapshot.evaluator - INFO - Inserting batch (2024-05-27 00:00:00+00:00, 2024-05-28 00:00:00+00:00) into catalog.sqlmesh__bps.bps__precos__3689629057' (evaluator.py:504)
2024-05-28 14:52:25,865 - MainThread - sqlmesh.core.engine_adapter.base - INFO - Executing SQL: DESCRIBE "catalog"."sqlmesh__bps"."bps__precos__3689629057" (base.py:1822)
2024-05-28 14:52:25,868 - MainThread - sqlmesh.core.engine_adapter.base - INFO - Executing SQL: CREATE OR REPLACE TABLE "catalog"."sqlmesh__bps"."bps__precos__3689629057" AS SELECT CAST("_q_0"."data_compra" AS DATE) AS "data_compra", "_q_0"."codigo_compra" AS "codigo_compra", "_q_0"."codigo_item_compra" AS "codigo_item_compra", "_q_0"."codigo_item_catalogo" AS "codigo_item_catalogo", MD5(CONCAT("_q_0"."codigo_pdm", ';', "_q_0"."sigla_tipo_unidade_fornecimento", ';', "_q_0"."unidade_medida", ';', "_q_0"."capacidade_unidade_fornecimento")) AS "codigo_unidade_fornecimento", "_q_0"."codigo_uasg" AS "codigo_uasg", "_q_0"."cnpj_fornecedor" AS "cnpj_fornecedor", "_q_0"."fornecedor" AS "fornecedor", "_q_0"."marca_fabricante" AS "marca_fabricante", "_q_0"."quantidade" AS "quantidade", CAST("_q_0"."preco_unitario" AS DECIMAL(18, 2)) AS "preco_unitario" FROM (SELECT DISTINCT "c"."codigo_compra" AS "codigo_compra", "c"."codigo_item_compra" AS "codigo_item_compra", "c"."codigo_item_catalogo" AS "codigo_item_catalogo", "c"."sigla_tipo_unidade_fornecimento" AS "sigla_tipo_unidade_fornecimento", "c"."tipo_unidade_fornecimento" AS "tipo_unidade_fornecimento", "c"."unidade_medida" AS "unidade_medida", "c"."capacidade_unidade_fornecimento" AS "capacidade_unidade_fornecimento", "c"."quantidade" AS "quantidade", "c"."preco_unitario" AS "preco_unitario", "c"."cnpj_fornecedor" AS "cnpj_fornecedor", "c"."fornecedor" AS "fornecedor", "c"."marca_fabricante" AS "marca_fabricante", "c"."codigo_uasg" AS "codigo_uasg", "c"."data_compra" AS "data_compra", "m"."codigo_pdm" AS "codigo_pdm", "m"."descricao_item" AS "descricao_item" FROM (SELECT "compras"."idCompra" AS "codigo_compra", "compras"."idItemCompra" AS "codigo_item_compra", "compras"."codigoItemCatalogo" AS "codigo_item_catalogo", "compras"."siglaUnidadeFornecimento" AS "sigla_tipo_unidade_fornecimento", "compras"."nomeUnidadeFornecimento" AS "tipo_unidade_fornecimento", "compras"."siglaUnidadeMedida" AS "unidade_medida", "compras"."capacidadeUnidadeFornecimento" AS "capacidade_unidade_fornecimento", "compras"."quantidade" AS "quantidade", "compras"."precoUnitario" AS "preco_unitario", "compras"."niFornecedor" AS "cnpj_fornecedor", "compras"."nomeFornecedor" AS "fornecedor", "compras"."marca" AS "marca_fabricante", "compras"."codigoUasg" AS "codigo_uasg", "compras"."dataCompra" AS "data_compra" FROM "catalog"."sqlmesh__siasg"."siasg__compras__1111392831" AS "compras") AS "c" LEFT JOIN "catalog"."sqlmesh__bps"."bps__materiais__4088563816" AS "m" ON "c"."codigo_item_catalogo" = "m"."codigo_item_catalogo") AS "_q_0" ORDER BY "data_compra", "codigo_compra", "codigo_item_compra" (base.py:1822)
2024-05-28 14:52:26,749 - MainThread - sqlmesh.core.engine_adapter.base - INFO - Executing SQL: COMMENT ON TABLE "catalog"."sqlmesh__bps"."bps__precos__3689629057" IS 'precos praticados em compras públicas na saúde' (base.py:1822)
2024-05-28 14:52:26,750 - MainThread - sqlmesh.core.engine_adapter.base - INFO - Executing SQL: COMMENT ON COLUMN "catalog"."sqlmesh__bps"."bps__precos__3689629057"."data_compra" IS 'data da compra (homologação do processo de compra)' (base.py:1822)
2024-05-28 14:52:26,750 - MainThread - sqlmesh.core.engine_adapter.base - INFO - Executing SQL: COMMENT ON COLUMN "catalog"."sqlmesh__bps"."bps__precos__3689629057"."codigo_compra" IS 'Identificador da compra (siasg)' (base.py:1822)
2024-05-28 14:52:26,750 - MainThread - sqlmesh.core.engine_adapter.base - INFO - Executing SQL: COMMENT ON COLUMN "catalog"."sqlmesh__bps"."bps__precos__3689629057"."codigo_item_compra" IS 'Identificador do item da compra (siasg)' (base.py:1822)
2024-05-28 14:52:26,750 - MainThread - sqlmesh.core.engine_adapter.base - INFO - Executing SQL: COMMENT ON COLUMN "catalog"."sqlmesh__bps"."bps__precos__3689629057"."codigo_item_catalogo" IS 'Código do item no catálogo (siasg); código da categoria do material' (base.py:1822)
2024-05-28 14:52:26,751 - MainThread - sqlmesh.core.engine_adapter.base - INFO - Executing SQL: COMMENT ON COLUMN "catalog"."sqlmesh__bps"."bps__precos__3689629057"."codigo_unidade_fornecimento" IS 'Identificador da unidade de fornecimento (bps)' (base.py:1822)
2024-05-28 14:52:26,751 - MainThread - sqlmesh.core.engine_adapter.base - INFO - Executing SQL: COMMENT ON COLUMN "catalog"."sqlmesh__bps"."bps__precos__3689629057"."codigo_uasg" IS 'identificador da unidade de gestão no governo (siasg)' (base.py:1822)
2024-05-28 14:52:26,751 - MainThread - sqlmesh.core.engine_adapter.base - INFO - Executing SQL: COMMENT ON COLUMN "catalog"."sqlmesh__bps"."bps__precos__3689629057"."cnpj_fornecedor" IS 'CNPJ do fornecedor (estrangeiros não possuem CNPJ)' (base.py:1822)
2024-05-28 14:52:26,751 - MainThread - sqlmesh.core.engine_adapter.base - INFO - Executing SQL: COMMENT ON COLUMN "catalog"."sqlmesh__bps"."bps__precos__3689629057"."fornecedor" IS 'nome do fornecedor' (base.py:1822)
2024-05-28 14:52:26,751 - MainThread - sqlmesh.core.engine_adapter.base - INFO - Executing SQL: COMMENT ON COLUMN "catalog"."sqlmesh__bps"."bps__precos__3689629057"."marca_fabricante" IS 'marca do item comprado' (base.py:1822)
2024-05-28 14:52:26,752 - MainThread - sqlmesh.core.engine_adapter.base - INFO - Executing SQL: COMMENT ON COLUMN "catalog"."sqlmesh__bps"."bps__precos__3689629057"."quantidade" IS 'quantidade compra (em unidades de fornecimento)' (base.py:1822)
2024-05-28 14:52:26,752 - MainThread - sqlmesh.core.engine_adapter.base - INFO - Executing SQL: COMMENT ON COLUMN "catalog"."sqlmesh__bps"."bps__precos__3689629057"."preco_unitario" IS 'preço de uma unidade de fornecimento do material comprado' (base.py:1822)
2024-05-28 14:52:26,753 - MainThread - sqlmesh.core.state_sync.engine_adapter - INFO - Adding interval (1716768000000, 1716854400000) for snapshot SnapshotId<"catalog"."bps"."precos": 4243261325> (engine_adapter.py:651)
2024-05-28 14:52:26,764 - MainThread - sqlmesh.core.snapshot.evaluator - INFO - Creating schema 'catalog.bps' (evaluator.py:849)
2024-05-28 14:52:26,764 - MainThread - sqlmesh.core.engine_adapter.base - INFO - Executing SQL: CREATE SCHEMA IF NOT EXISTS "catalog"."bps" (base.py:1822)
2024-05-28 14:52:26,764 - MainThread - sqlmesh.core.snapshot.evaluator - INFO - Creating schema 'catalog.siasg' (evaluator.py:849)
2024-05-28 14:52:26,765 - MainThread - sqlmesh.core.engine_adapter.base - INFO - Executing SQL: CREATE SCHEMA IF NOT EXISTS "catalog"."siasg" (base.py:1822)
2024-05-28 14:52:26,765 - MainThread - sqlmesh.core.snapshot.evaluator - INFO - Updating view 'catalog.siasg.compras' to point at table 'catalog.sqlmesh__siasg.siasg__compras__1111392831' (evaluator.py:1111)
2024-05-28 14:52:26,765 - MainThread - sqlmesh.core.engine_adapter.base - INFO - Executing SQL: CREATE OR REPLACE VIEW "catalog"."siasg"."compras" AS SELECT * FROM "catalog"."sqlmesh__siasg"."siasg__compras__1111392831" (base.py:1822)
2024-05-28 14:52:26,766 - MainThread - sqlmesh.core.engine_adapter.base - INFO - Executing SQL: COMMENT ON VIEW "catalog"."siasg"."compras" IS 'Dados sobre compras da saúde extraídas do sistema SIASG do MGI através da API pública de compras do governo federal https://dadosabertos.compras.gov.br/swagger-ui/index.html#' (base.py:1822)
2024-05-28 14:52:26,766 - MainThread - sqlmesh.core.engine_adapter.base - INFO - Executing SQL: COMMENT ON COLUMN "catalog"."siasg"."compras"."idCompra" IS 'Identificador da compra' (base.py:1822)
2024-05-28 14:52:26,766 - MainThread - sqlmesh.core.engine_adapter.base - INFO - Executing SQL: COMMENT ON COLUMN "catalog"."siasg"."compras"."idItemCompra" IS 'Identificador do item da compra' (base.py:1822)
2024-05-28 14:52:26,766 - MainThread - sqlmesh.core.engine_adapter.base - INFO - Executing SQL: COMMENT ON COLUMN "catalog"."siasg"."compras"."forma" IS 'Forma de aquisição do item' (base.py:1822)
2024-05-28 14:52:26,766 - MainThread - sqlmesh.core.engine_adapter.base - INFO - Executing SQL: COMMENT ON COLUMN "catalog"."siasg"."compras"."modalidade" IS 'Modalidade de aquisição do item' (base.py:1822)
2024-05-28 14:52:26,767 - MainThread - sqlmesh.core.engine_adapter.base - INFO - Executing SQL: COMMENT ON COLUMN "catalog"."siasg"."compras"."criterioJulgamento" IS 'Critério de julgamento da compra' (base.py:1822)
2024-05-28 14:52:26,767 - MainThread - sqlmesh.core.engine_adapter.base - INFO - Executing SQL: COMMENT ON COLUMN "catalog"."siasg"."compras"."numeroItemCompra" IS 'Número do item da compra' (base.py:1822)
2024-05-28 14:52:26,767 - MainThread - sqlmesh.core.engine_adapter.base - INFO - Executing SQL: COMMENT ON COLUMN "catalog"."siasg"."compras"."descricaoItem" IS 'Descrição do item' (base.py:1822)
2024-05-28 14:52:26,767 - MainThread - sqlmesh.core.engine_adapter.base - INFO - Executing SQL: COMMENT ON COLUMN "catalog"."siasg"."compras"."codigoItemCatalogo" IS 'Código do item no catálogo' (base.py:1822)
2024-05-28 14:52:26,767 - MainThread - sqlmesh.core.engine_adapter.base - INFO - Executing SQL: COMMENT ON COLUMN "catalog"."siasg"."compras"."nomeUnidadeMedida" IS 'Nome da unidade de medida' (base.py:1822)
2024-05-28 14:52:26,768 - MainThread - sqlmesh.core.engine_adapter.base - INFO - Executing SQL: COMMENT ON COLUMN "catalog"."siasg"."compras"."siglaUnidadeMedida" IS 'Sigla da unidade de medida' (base.py:1822)
2024-05-28 14:52:26,768 - MainThread - sqlmesh.core.engine_adapter.base - INFO - Executing SQL: COMMENT ON COLUMN "catalog"."siasg"."compras"."nomeUnidadeFornecimento" IS 'Nome da unidade de fornecimento' (base.py:1822)
2024-05-28 14:52:26,768 - MainThread - sqlmesh.core.engine_adapter.base - INFO - Executing SQL: COMMENT ON COLUMN "catalog"."siasg"."compras"."siglaUnidadeFornecimento" IS 'Sigla da unidade de fornecimento' (base.py:1822)
2024-05-28 14:52:26,768 - MainThread - sqlmesh.core.engine_adapter.base - INFO - Executing SQL: COMMENT ON COLUMN "catalog"."siasg"."compras"."capacidadeUnidadeFornecimento" IS 'Capacidade da unidade de fornecimento' (base.py:1822)
2024-05-28 14:52:26,769 - MainThread - sqlmesh.core.engine_adapter.base - INFO - Executing SQL: COMMENT ON COLUMN "catalog"."siasg"."compras"."quantidade" IS 'Quantidade adquirida' (base.py:1822)
2024-05-28 14:52:26,769 - MainThread - sqlmesh.core.engine_adapter.base - INFO - Executing SQL: COMMENT ON COLUMN "catalog"."siasg"."compras"."precoUnitario" IS 'Preço unitário' (base.py:1822)
2024-05-28 14:52:26,769 - MainThread - sqlmesh.core.engine_adapter.base - INFO - Executing SQL: COMMENT ON COLUMN "catalog"."siasg"."compras"."percentualMaiorDesconto" IS 'Percentual de desconto' (base.py:1822)
2024-05-28 14:52:26,769 - MainThread - sqlmesh.core.engine_adapter.base - INFO - Executing SQL: COMMENT ON COLUMN "catalog"."siasg"."compras"."niFornecedor" IS 'Número de identificação do fornecedor' (base.py:1822)
2024-05-28 14:52:26,769 - MainThread - sqlmesh.core.engine_adapter.base - INFO - Executing SQL: COMMENT ON COLUMN "catalog"."siasg"."compras"."nomeFornecedor" IS 'Nome do fornecedor' (base.py:1822)
2024-05-28 14:52:26,770 - MainThread - sqlmesh.core.engine_adapter.base - INFO - Executing SQL: COMMENT ON COLUMN "catalog"."siasg"."compras"."marca" IS 'Marca do item' (base.py:1822)
2024-05-28 14:52:26,770 - MainThread - sqlmesh.core.engine_adapter.base - INFO - Executing SQL: COMMENT ON COLUMN "catalog"."siasg"."compras"."codigoUasg" IS 'Código da UASG' (base.py:1822)
2024-05-28 14:52:26,770 - MainThread - sqlmesh.core.engine_adapter.base - INFO - Executing SQL: COMMENT ON COLUMN "catalog"."siasg"."compras"."nomeUasg" IS 'Nome da UASG' (base.py:1822)
2024-05-28 14:52:26,770 - MainThread - sqlmesh.core.engine_adapter.base - INFO - Executing SQL: COMMENT ON COLUMN "catalog"."siasg"."compras"."codigoMunicipio" IS 'Código do município' (base.py:1822)
2024-05-28 14:52:26,770 - MainThread - sqlmesh.core.engine_adapter.base - INFO - Executing SQL: COMMENT ON COLUMN "catalog"."siasg"."compras"."municipio" IS 'Município' (base.py:1822)
2024-05-28 14:52:26,771 - MainThread - sqlmesh.core.engine_adapter.base - INFO - Executing SQL: COMMENT ON COLUMN "catalog"."siasg"."compras"."estado" IS 'Estado' (base.py:1822)
2024-05-28 14:52:26,771 - MainThread - sqlmesh.core.engine_adapter.base - INFO - Executing SQL: COMMENT ON COLUMN "catalog"."siasg"."compras"."codigoOrgao" IS 'Código do órgão' (base.py:1822)
2024-05-28 14:52:26,771 - MainThread - sqlmesh.core.engine_adapter.base - INFO - Executing SQL: COMMENT ON COLUMN "catalog"."siasg"."compras"."nomeOrgao" IS 'Nome do órgão' (base.py:1822)
2024-05-28 14:52:26,771 - MainThread - sqlmesh.core.engine_adapter.base - INFO - Executing SQL: COMMENT ON COLUMN "catalog"."siasg"."compras"."poder" IS 'Poder' (base.py:1822)
2024-05-28 14:52:26,771 - MainThread - sqlmesh.core.engine_adapter.base - INFO - Executing SQL: COMMENT ON COLUMN "catalog"."siasg"."compras"."esfera" IS 'Esfera' (base.py:1822)
2024-05-28 14:52:26,772 - MainThread - sqlmesh.core.engine_adapter.base - INFO - Executing SQL: COMMENT ON COLUMN "catalog"."siasg"."compras"."dataCompra" IS 'Data da compra' (base.py:1822)
2024-05-28 14:52:26,772 - MainThread - sqlmesh.core.engine_adapter.base - INFO - Executing SQL: COMMENT ON COLUMN "catalog"."siasg"."compras"."dataHoraAtualizacaoCompra" IS 'Data e hora da atualização da compra' (base.py:1822)
2024-05-28 14:52:26,772 - MainThread - sqlmesh.core.engine_adapter.base - INFO - Executing SQL: COMMENT ON COLUMN "catalog"."siasg"."compras"."dataHoraAtualizacaoItem" IS 'Data e hora da atualização do item' (base.py:1822)
2024-05-28 14:52:26,772 - MainThread - sqlmesh.core.engine_adapter.base - INFO - Executing SQL: COMMENT ON COLUMN "catalog"."siasg"."compras"."dataResultado" IS 'Data do resultado do processo de compra' (base.py:1822)
2024-05-28 14:52:26,772 - MainThread - sqlmesh.core.engine_adapter.base - INFO - Executing SQL: COMMENT ON COLUMN "catalog"."siasg"."compras"."dataHoraAtualizacaoUasg" IS 'Data e hora da atualização da UASG' (base.py:1822)
2024-05-28 14:52:26,773 - MainThread - sqlmesh.core.snapshot.evaluator - INFO - Updating view 'catalog.siasg.materiais' to point at table 'catalog.sqlmesh__siasg.siasg__materiais__382104304' (evaluator.py:1111)
2024-05-28 14:52:26,774 - MainThread - sqlmesh.core.engine_adapter.base - INFO - Executing SQL: CREATE OR REPLACE VIEW "catalog"."siasg"."materiais" AS SELECT * FROM "catalog"."sqlmesh__siasg"."siasg__materiais__382104304" (base.py:1822)
2024-05-28 14:52:26,774 - MainThread - sqlmesh.core.engine_adapter.base - INFO - Executing SQL: COMMENT ON VIEW "catalog"."siasg"."materiais" IS 'Dados sobre categorias de materiais da saúde extraídas do sistema SIASG (módulo CATMAT) do MGI através da API pública de compras do governo federal https://dadosabertos.compras.gov.br/swagger-ui/index.html#' (base.py:1822)
2024-05-28 14:52:26,774 - MainThread - sqlmesh.core.engine_adapter.base - INFO - Executing SQL: COMMENT ON COLUMN "catalog"."siasg"."materiais"."codigoGrupo" IS 'Código do grupo' (base.py:1822)
2024-05-28 14:52:26,775 - MainThread - sqlmesh.core.engine_adapter.base - INFO - Executing SQL: COMMENT ON COLUMN "catalog"."siasg"."materiais"."nomeGrupo" IS 'Nome do grupo' (base.py:1822)
2024-05-28 14:52:26,775 - MainThread - sqlmesh.core.engine_adapter.base - INFO - Executing SQL: COMMENT ON COLUMN "catalog"."siasg"."materiais"."codigoClasse" IS 'Código da classe' (base.py:1822)
2024-05-28 14:52:26,775 - MainThread - sqlmesh.core.engine_adapter.base - INFO - Executing SQL: COMMENT ON COLUMN "catalog"."siasg"."materiais"."nomeClasse" IS 'Nome da classe' (base.py:1822)
2024-05-28 14:52:26,775 - MainThread - sqlmesh.core.engine_adapter.base - INFO - Executing SQL: COMMENT ON COLUMN "catalog"."siasg"."materiais"."codigoPdm" IS 'Código do PDM' (base.py:1822)
2024-05-28 14:52:26,776 - MainThread - sqlmesh.core.engine_adapter.base - INFO - Executing SQL: COMMENT ON COLUMN "catalog"."siasg"."materiais"."nomePdm" IS 'Nome do PDM' (base.py:1822)
2024-05-28 14:52:26,776 - MainThread - sqlmesh.core.engine_adapter.base - INFO - Executing SQL: COMMENT ON COLUMN "catalog"."siasg"."materiais"."codigoItem" IS 'Código do item' (base.py:1822)
2024-05-28 14:52:26,776 - MainThread - sqlmesh.core.engine_adapter.base - INFO - Executing SQL: COMMENT ON COLUMN "catalog"."siasg"."materiais"."descricaoItem" IS 'Descrição do item' (base.py:1822)
2024-05-28 14:52:26,776 - MainThread - sqlmesh.core.engine_adapter.base - INFO - Executing SQL: COMMENT ON COLUMN "catalog"."siasg"."materiais"."statusItem" IS 'Status do item' (base.py:1822)
2024-05-28 14:52:26,776 - MainThread - sqlmesh.core.engine_adapter.base - INFO - Executing SQL: COMMENT ON COLUMN "catalog"."siasg"."materiais"."itemSustentavel" IS 'Item sustentável' (base.py:1822)
2024-05-28 14:52:26,777 - MainThread - sqlmesh.core.engine_adapter.base - INFO - Executing SQL: COMMENT ON COLUMN "catalog"."siasg"."materiais"."dataHoraAtualizacao" IS 'Data e hora da atualização' (base.py:1822)
2024-05-28 14:52:26,778 - MainThread - sqlmesh.core.snapshot.evaluator - INFO - Updating view 'catalog.siasg.uasgs' to point at table 'catalog.sqlmesh__siasg.siasg__uasgs__3746688468' (evaluator.py:1111)
2024-05-28 14:52:26,778 - MainThread - sqlmesh.core.engine_adapter.base - INFO - Executing SQL: CREATE OR REPLACE VIEW "catalog"."siasg"."uasgs" AS SELECT * FROM "catalog"."sqlmesh__siasg"."siasg__uasgs__3746688468" (base.py:1822)
2024-05-28 14:52:26,779 - MainThread - sqlmesh.core.engine_adapter.base - INFO - Executing SQL: COMMENT ON VIEW "catalog"."siasg"."uasgs" IS 'Dados sobre UASGs (Unidades Administrativas do Sistema de Serviços Gerais) extraídas do sistema SIASG do MGI através da API pública de compras do governo federal https://dadosabertos.compras.gov.br/swagger-ui/index.html#' (base.py:1822)
2024-05-28 14:52:26,779 - MainThread - sqlmesh.core.engine_adapter.base - INFO - Executing SQL: COMMENT ON COLUMN "catalog"."siasg"."uasgs"."codigoUasg" IS 'Código da UASG' (base.py:1822)
2024-05-28 14:52:26,779 - MainThread - sqlmesh.core.engine_adapter.base - INFO - Executing SQL: COMMENT ON COLUMN "catalog"."siasg"."uasgs"."nomeUasg" IS 'Nome da UASG' (base.py:1822)
2024-05-28 14:52:26,779 - MainThread - sqlmesh.core.engine_adapter.base - INFO - Executing SQL: COMMENT ON COLUMN "catalog"."siasg"."uasgs"."usoSisg" IS 'Uso do SISG (sistema)' (base.py:1822)
2024-05-28 14:52:26,780 - MainThread - sqlmesh.core.engine_adapter.base - INFO - Executing SQL: COMMENT ON COLUMN "catalog"."siasg"."uasgs"."adesaoSiasg" IS 'Adesão ao SIASG' (base.py:1822)
2024-05-28 14:52:26,780 - MainThread - sqlmesh.core.engine_adapter.base - INFO - Executing SQL: COMMENT ON COLUMN "catalog"."siasg"."uasgs"."siglaUf" IS 'Sigla da UF' (base.py:1822)
2024-05-28 14:52:26,780 - MainThread - sqlmesh.core.engine_adapter.base - INFO - Executing SQL: COMMENT ON COLUMN "catalog"."siasg"."uasgs"."codigoMunicipio" IS 'Código do município' (base.py:1822)
2024-05-28 14:52:26,780 - MainThread - sqlmesh.core.engine_adapter.base - INFO - Executing SQL: COMMENT ON COLUMN "catalog"."siasg"."uasgs"."codigoMunicipioIbge" IS 'Código do município no IBGE' (base.py:1822)
2024-05-28 14:52:26,781 - MainThread - sqlmesh.core.engine_adapter.base - INFO - Executing SQL: COMMENT ON COLUMN "catalog"."siasg"."uasgs"."nomeMunicipioIbge" IS 'Nome do município no IBGE' (base.py:1822)
2024-05-28 14:52:26,781 - MainThread - sqlmesh.core.engine_adapter.base - INFO - Executing SQL: COMMENT ON COLUMN "catalog"."siasg"."uasgs"."cnpjCpfUasg" IS 'uasgCadastradora,' (base.py:1822)
2024-05-28 14:52:26,782 - MainThread - sqlmesh.core.snapshot.evaluator - INFO - Updating view 'catalog.siasg.unidades' to point at table 'catalog.sqlmesh__siasg.siasg__unidades__3458370508' (evaluator.py:1111)
2024-05-28 14:52:26,782 - MainThread - sqlmesh.core.engine_adapter.base - INFO - Executing SQL: CREATE OR REPLACE VIEW "catalog"."siasg"."unidades" AS SELECT * FROM "catalog"."sqlmesh__siasg"."siasg__unidades__3458370508" (base.py:1822)
2024-05-28 14:52:26,783 - MainThread - sqlmesh.core.engine_adapter.base - INFO - Executing SQL: COMMENT ON VIEW "catalog"."siasg"."unidades" IS 'Dados sobre unidades de fornecimento de materiais da saúde extraídas do sistema SIASG (módulo CATMAT) do MGI através da API pública de compras do governo federal https://dadosabertos.compras.gov.br/swagger-ui/index.html#' (base.py:1822)
2024-05-28 14:52:26,783 - MainThread - sqlmesh.core.engine_adapter.base - INFO - Executing SQL: COMMENT ON COLUMN "catalog"."siasg"."unidades"."codigoPdm" IS 'Código PDM' (base.py:1822)
2024-05-28 14:52:26,783 - MainThread - sqlmesh.core.engine_adapter.base - INFO - Executing SQL: COMMENT ON COLUMN "catalog"."siasg"."unidades"."siglaUnidadeFornecimento" IS 'Sigla da unidade de fornecimento' (base.py:1822)
2024-05-28 14:52:26,783 - MainThread - sqlmesh.core.engine_adapter.base - INFO - Executing SQL: COMMENT ON COLUMN "catalog"."siasg"."unidades"."nomeUnidadeFornecimento" IS 'Nome da unidade de fornecimento' (base.py:1822)
2024-05-28 14:52:26,784 - MainThread - sqlmesh.core.engine_adapter.base - INFO - Executing SQL: COMMENT ON COLUMN "catalog"."siasg"."unidades"."descricaoUnidadeFornecimento" IS 'Descrição da unidade de fornecimento' (base.py:1822)
2024-05-28 14:52:26,784 - MainThread - sqlmesh.core.engine_adapter.base - INFO - Executing SQL: COMMENT ON COLUMN "catalog"."siasg"."unidades"."siglaUnidadeMedida" IS 'Sigla da unidade de medida' (base.py:1822)
2024-05-28 14:52:26,784 - MainThread - sqlmesh.core.engine_adapter.base - INFO - Executing SQL: COMMENT ON COLUMN "catalog"."siasg"."unidades"."capacidadeUnidadeFornecimento" IS 'Capacidade da unidade de fornecimento' (base.py:1822)
2024-05-28 14:52:26,784 - MainThread - sqlmesh.core.engine_adapter.base - INFO - Executing SQL: COMMENT ON COLUMN "catalog"."siasg"."unidades"."numeroSequencialUnidadeFornecimento" IS 'Número sequencial da unidade de fornecimento' (base.py:1822)
2024-05-28 14:52:26,784 - MainThread - sqlmesh.core.engine_adapter.base - INFO - Executing SQL: COMMENT ON COLUMN "catalog"."siasg"."unidades"."statusUnidadeFornecimentoPdm" IS 'Status da unidade de fornecimento PDM' (base.py:1822)
2024-05-28 14:52:26,785 - MainThread - sqlmesh.core.engine_adapter.base - INFO - Executing SQL: COMMENT ON COLUMN "catalog"."siasg"."unidades"."dataHoraAtualizacao" IS 'Data e hora da atualização' (base.py:1822)
2024-05-28 14:52:26,786 - MainThread - sqlmesh.core.snapshot.evaluator - INFO - Updating view 'catalog.bps.materiais' to point at table 'catalog.sqlmesh__bps.bps__materiais__4088563816' (evaluator.py:1111)
2024-05-28 14:52:26,786 - MainThread - sqlmesh.core.engine_adapter.base - INFO - Executing SQL: CREATE OR REPLACE VIEW "catalog"."bps"."materiais" AS SELECT * FROM "catalog"."sqlmesh__bps"."bps__materiais__4088563816" (base.py:1822)
2024-05-28 14:52:26,786 - MainThread - sqlmesh.core.engine_adapter.base - INFO - Executing SQL: COMMENT ON VIEW "catalog"."bps"."materiais" IS 'Categorias de materiais utilizadas em compras públicas da saúde.' (base.py:1822)
2024-05-28 14:52:26,786 - MainThread - sqlmesh.core.engine_adapter.base - INFO - Executing SQL: COMMENT ON COLUMN "catalog"."bps"."materiais"."codigo_item_catalogo" IS 'Código do item (categoria de material)' (base.py:1822)
2024-05-28 14:52:26,787 - MainThread - sqlmesh.core.engine_adapter.base - INFO - Executing SQL: COMMENT ON COLUMN "catalog"."bps"."materiais"."descricao_item" IS 'Descrição do item (categoria de material)' (base.py:1822)
2024-05-28 14:52:26,787 - MainThread - sqlmesh.core.engine_adapter.base - INFO - Executing SQL: COMMENT ON COLUMN "catalog"."bps"."materiais"."status_ativo" IS 'Status do item (ativo = true  ou nao = false)' (base.py:1822)
2024-05-28 14:52:26,787 - MainThread - sqlmesh.core.engine_adapter.base - INFO - Executing SQL: COMMENT ON COLUMN "catalog"."bps"."materiais"."codigo_pdm" IS 'Código do PDM do item' (base.py:1822)
2024-05-28 14:52:26,788 - MainThread - sqlmesh.core.engine_adapter.base - INFO - Executing SQL: COMMENT ON COLUMN "catalog"."bps"."materiais"."pdm" IS 'Nome do PDM do item' (base.py:1822)
2024-05-28 14:52:26,788 - MainThread - sqlmesh.core.engine_adapter.base - INFO - Executing SQL: COMMENT ON COLUMN "catalog"."bps"."materiais"."codigo_grupo" IS 'Código do grupo do item' (base.py:1822)
2024-05-28 14:52:26,788 - MainThread - sqlmesh.core.engine_adapter.base - INFO - Executing SQL: COMMENT ON COLUMN "catalog"."bps"."materiais"."grupo" IS 'Nome do grupo do item' (base.py:1822)
2024-05-28 14:52:26,788 - MainThread - sqlmesh.core.engine_adapter.base - INFO - Executing SQL: COMMENT ON COLUMN "catalog"."bps"."materiais"."codigo_classe" IS 'Código da classe do item' (base.py:1822)
2024-05-28 14:52:26,789 - MainThread - sqlmesh.core.engine_adapter.base - INFO - Executing SQL: COMMENT ON COLUMN "catalog"."bps"."materiais"."classe" IS 'Nome da classe do item' (base.py:1822)
2024-05-28 14:52:26,789 - MainThread - sqlmesh.core.engine_adapter.base - INFO - Executing SQL: COMMENT ON COLUMN "catalog"."bps"."materiais"."item_sustentavel" IS 'Item é sustentável (sim = true ou não = false)' (base.py:1822)
2024-05-28 14:52:26,789 - MainThread - sqlmesh.core.engine_adapter.base - INFO - Executing SQL: COMMENT ON COLUMN "catalog"."bps"."materiais"."atualizado_em" IS 'Data e hora da atualização' (base.py:1822)
2024-05-28 14:52:26,790 - MainThread - sqlmesh.core.snapshot.evaluator - INFO - Updating view 'catalog.bps.unidades' to point at table 'catalog.sqlmesh__bps.bps__unidades__3794497381' (evaluator.py:1111)
2024-05-28 14:52:26,790 - MainThread - sqlmesh.core.engine_adapter.base - INFO - Executing SQL: CREATE OR REPLACE VIEW "catalog"."bps"."unidades" AS SELECT * FROM "catalog"."sqlmesh__bps"."bps__unidades__3794497381" (base.py:1822)
2024-05-28 14:52:26,791 - MainThread - sqlmesh.core.engine_adapter.base - INFO - Executing SQL: COMMENT ON VIEW "catalog"."bps"."unidades" IS 'Unidades de Fornecimento associáveis a categorias de materiais utilizadas em compras públicas da saúde.' (base.py:1822)
2024-05-28 14:52:26,792 - MainThread - sqlmesh.core.engine_adapter.base - INFO - Executing SQL: COMMENT ON COLUMN "catalog"."bps"."unidades"."codigo_unidade_fornecimento" IS 'Identificador da unidade de fornecimento' (base.py:1822)
2024-05-28 14:52:26,792 - MainThread - sqlmesh.core.engine_adapter.base - INFO - Executing SQL: COMMENT ON COLUMN "catalog"."bps"."unidades"."codigo_pdm" IS 'Código PDM do material a que se refere a unidade de fornecimento' (base.py:1822)
2024-05-28 14:52:26,793 - MainThread - sqlmesh.core.engine_adapter.base - INFO - Executing SQL: COMMENT ON COLUMN "catalog"."bps"."unidades"."sigla_tipo_unidade_fornecimento" IS 'Sigla da tipo de unidade de fornecimento' (base.py:1822)
2024-05-28 14:52:26,793 - MainThread - sqlmesh.core.engine_adapter.base - INFO - Executing SQL: COMMENT ON COLUMN "catalog"."bps"."unidades"."tipo_unidade_fornecimento" IS 'Nome do tipo da unidade de fornecimento' (base.py:1822)
2024-05-28 14:52:26,793 - MainThread - sqlmesh.core.engine_adapter.base - INFO - Executing SQL: COMMENT ON COLUMN "catalog"."bps"."unidades"."unidade_medida" IS 'Sigla da unidade de medida' (base.py:1822)
2024-05-28 14:52:26,793 - MainThread - sqlmesh.core.engine_adapter.base - INFO - Executing SQL: COMMENT ON COLUMN "catalog"."bps"."unidades"."capacidade_unidade_fornecimento" IS 'Capacidade da unidade de fornecimento em unidades de medida' (base.py:1822)
2024-05-28 14:52:26,794 - MainThread - sqlmesh.core.engine_adapter.base - INFO - Executing SQL: COMMENT ON COLUMN "catalog"."bps"."unidades"."descricao_unidade_fornecimento" IS 'Descrição da unidade de fornecimento' (base.py:1822)
2024-05-28 14:52:26,794 - MainThread - sqlmesh.core.snapshot.evaluator - INFO - Updating view 'catalog.bps.precos' to point at table 'catalog.sqlmesh__bps.bps__precos__3689629057' (evaluator.py:1111)
2024-05-28 14:52:26,795 - MainThread - sqlmesh.core.engine_adapter.base - INFO - Executing SQL: CREATE OR REPLACE VIEW "catalog"."bps"."precos" AS SELECT * FROM "catalog"."sqlmesh__bps"."bps__precos__3689629057" (base.py:1822)
2024-05-28 14:52:26,795 - MainThread - sqlmesh.core.engine_adapter.base - INFO - Executing SQL: COMMENT ON VIEW "catalog"."bps"."precos" IS 'precos praticados em compras públicas na saúde' (base.py:1822)
2024-05-28 14:52:26,795 - MainThread - sqlmesh.core.engine_adapter.base - INFO - Executing SQL: COMMENT ON COLUMN "catalog"."bps"."precos"."data_compra" IS 'data da compra (homologação do processo de compra)' (base.py:1822)
2024-05-28 14:52:26,796 - MainThread - sqlmesh.core.engine_adapter.base - INFO - Executing SQL: COMMENT ON COLUMN "catalog"."bps"."precos"."codigo_compra" IS 'Identificador da compra (siasg)' (base.py:1822)
2024-05-28 14:52:26,796 - MainThread - sqlmesh.core.engine_adapter.base - INFO - Executing SQL: COMMENT ON COLUMN "catalog"."bps"."precos"."codigo_item_compra" IS 'Identificador do item da compra (siasg)' (base.py:1822)
2024-05-28 14:52:26,796 - MainThread - sqlmesh.core.engine_adapter.base - INFO - Executing SQL: COMMENT ON COLUMN "catalog"."bps"."precos"."codigo_item_catalogo" IS 'Código do item no catálogo (siasg); código da categoria do material' (base.py:1822)
2024-05-28 14:52:26,796 - MainThread - sqlmesh.core.engine_adapter.base - INFO - Executing SQL: COMMENT ON COLUMN "catalog"."bps"."precos"."codigo_unidade_fornecimento" IS 'Identificador da unidade de fornecimento (bps)' (base.py:1822)
2024-05-28 14:52:26,796 - MainThread - sqlmesh.core.engine_adapter.base - INFO - Executing SQL: COMMENT ON COLUMN "catalog"."bps"."precos"."codigo_uasg" IS 'identificador da unidade de gestão no governo (siasg)' (base.py:1822)
2024-05-28 14:52:26,797 - MainThread - sqlmesh.core.engine_adapter.base - INFO - Executing SQL: COMMENT ON COLUMN "catalog"."bps"."precos"."cnpj_fornecedor" IS 'CNPJ do fornecedor (estrangeiros não possuem CNPJ)' (base.py:1822)
2024-05-28 14:52:26,797 - MainThread - sqlmesh.core.engine_adapter.base - INFO - Executing SQL: COMMENT ON COLUMN "catalog"."bps"."precos"."fornecedor" IS 'nome do fornecedor' (base.py:1822)
2024-05-28 14:52:26,797 - MainThread - sqlmesh.core.engine_adapter.base - INFO - Executing SQL: COMMENT ON COLUMN "catalog"."bps"."precos"."marca_fabricante" IS 'marca do item comprado' (base.py:1822)
2024-05-28 14:52:26,797 - MainThread - sqlmesh.core.engine_adapter.base - INFO - Executing SQL: COMMENT ON COLUMN "catalog"."bps"."precos"."quantidade" IS 'quantidade compra (em unidades de fornecimento)' (base.py:1822)
2024-05-28 14:52:26,797 - MainThread - sqlmesh.core.engine_adapter.base - INFO - Executing SQL: COMMENT ON COLUMN "catalog"."bps"."precos"."preco_unitario" IS 'preço de uma unidade de fornecimento do material comprado' (base.py:1822)
2024-05-28 14:52:26,798 - MainThread - sqlmesh.core.snapshot.evaluator - INFO - Dropping view 'catalog.bps.compras' (evaluator.py:1126)
2024-05-28 14:52:26,798 - MainThread - sqlmesh.core.engine_adapter.base - INFO - Executing SQL: DROP VIEW IF EXISTS "catalog"."bps"."compras" (base.py:1822)
2024-05-28 14:52:26,799 - MainThread - sqlmesh.core.state_sync.common - INFO - Finalizing environment 'prod' (common.py:198)
2024-05-28 14:52:26,832 - MainThread - root - INFO - Shutting down the event dispatcher (dispatcher.py:159)
